<?xml version="1.0" encoding="UTF-8"?><testsuite errors="0" failures="1" name="Registro de Usuario en la Pagina Utest" skipped="0" tests="1" time="44.82" timestamp="2022-04-14 02:12:55"><testcase name="Registro de usuario en la pagina"><failure message="Expected r&#10;Expected: is &lt;true&gt;&#10;     but: was &lt;false&gt;" type="java.lang.AssertionError">Expected r
Expected: is &lt;true&gt;
     but: was &lt;false&gt;</failure><system-err>Expected r
Expected: is &lt;true&gt;
     but: was &lt;false&gt;&#13;
pruebaUtest.stepdefinitions.UtestStepDefinition.posteriormenteSeDebeDarClickEnElBotonDeRegistroParaFinalizarElMismo(UtestStepDefinition.java:37)&#13;
âœ½.posteriormente se debe dar click en el boton de registro para finalizar el mismo(src/test/resources/features/registro.feature:13)&#13;
</system-err></testcase></testsuite>